=== 锁屏时间壁纸服务启动 ===
更新间隔：60秒
按 Ctrl+C 停止服务
==================================================
[2026-03-09 17:51:58] 壁纸已更新：lockscreen_wallpaper.png
[2026-03-09 17:52:59] 壁纸已更新：lockscreen_wallpaper.png
[2026-03-09 17:53:59] 壁纸已更新：lockscreen_wallpaper.png
[2026-03-09 17:54:59] 壁纸已更新：lockscreen_wallpaper.png
[2026-03-09 17:55:59] 壁纸已更新：lockscreen_wallpaper.png
[2026-03-09 17:56:59] 壁纸已更新：lockscreen_wallpaper.png
[2026-03-09 17:58:00] 壁纸已更新：lockscreen_wallpaper.png
[2026-03-09 17:59:00] 壁纸已更新：lockscreen_wallpaper.png
[2026-03-09 18:00:00] 壁纸已更新：lockscreen_wallpaper.png
[2026-03-09 18:01:00] 壁纸已更新：lockscreen_wallpaper.png
[2026-03-09 18:02:00] 壁纸已更新：lockscreen_wallpaper.png
[2026-03-09 18:03:01] 壁纸已更新：lockscreen_wallpaper.png
[2026-03-09 18:04:01] 壁纸已更新：lockscreen_wallpaper.png
[2026-03-09 18:05:01] 壁纸已更新：lockscreen_wallpaper.png
[2026-03-09 18:06:01] 壁纸已更新：lockscreen_wallpaper.png
[2026-03-09 18:07:01] 壁纸已更新：lockscreen_wallpaper.png
[2026-03-09 18:08:02] 壁纸已更新：lockscreen_wallpaper.png
[2026-03-09 18:09:02] 壁纸已更新：lockscreen_wallpaper.png
[2026-03-09 18:10:02] 壁纸已更新：lockscreen_wallpaper.png
[2026-03-09 18:11:02] 壁纸已更新：lockscreen_wallpaper.png
[2026-03-09 18:12:02] 壁纸已更新：lockscreen_wallpaper.png
[2026-03-09 18:13:03] 壁纸已更新：lockscreen_wallpaper.png
[2026-03-09 18:14:03] 壁纸已更新：lockscreen_wallpaper.png
[2026-03-09 18:15:03] 壁纸已更新：lockscreen_wallpaper.png
[2026-03-09 18:16:03] 壁纸已更新：lockscreen_wallpaper.png
[2026-03-09 18:17:03] 壁纸已更新：lockscreen_wallpaper.png
[2026-03-09 18:18:04] 壁纸已更新：lockscreen_wallpaper.png
[2026-03-09 18:19:04] 壁纸已更新：lockscreen_wallpaper.png
[2026-03-09 18:20:04] 壁纸已更新：lockscreen_wallpaper.png
[2026-03-09 18:21:04] 壁纸已更新：lockscreen_wallpaper.png
[2026-03-09 18:22:04] 壁纸已更新：lockscreen_wallpaper.png
[2026-03-09 18:23:05] 壁纸已更新：lockscreen_wallpaper.png
[2026-03-09 18:24:05] 壁纸已更新：lockscreen_wallpaper.png
[2026-03-09 18:25:05] 壁纸已更新：lockscreen_wallpaper.png
[2026-03-09 18:26:05] 壁纸已更新：lockscreen_wallpaper.png
[2026-03-09 18:27:05] 壁纸已更新：lockscreen_wallpaper.png
[2026-03-09 18:28:06] 壁纸已更新：lockscreen_wallpaper.png
[2026-03-09 18:29:06] 壁纸已更新：lockscreen_wallpaper.png
[2026-03-09 18:30:06] 壁纸已更新：lockscreen_wallpaper.png
[2026-03-09 18:31:06] 壁纸已更新：lockscreen_wallpaper.png
[2026-03-09 18:32:06] 壁纸已更新：lockscreen_wallpaper.png
[2026-03-09 18:33:07] 壁纸已更新：lockscreen_wallpaper.png
[2026-03-09 18:34:07] 壁纸已更新：lockscreen_wallpaper.png
[2026-03-09 18:35:07] 壁纸已更新：lockscreen_wallpaper.png
[2026-03-09 18:36:07] 壁纸已更新：lockscreen_wallpaper.png
[2026-03-09 18:37:07] 壁纸已更新：lockscreen_wallpaper.png
[2026-03-09 18:38:07] 壁纸已更新：lockscreen_wallpaper.png
[2026-03-09 18:39:08] 壁纸已更新：lockscreen_wallpaper.png
[2026-03-09 18:40:08] 壁纸已更新：lockscreen_wallpaper.png
[2026-03-09 18:41:08] 壁纸已更新：lockscreen_wallpaper.png
[2026-03-09 18:42:08] 壁纸已更新：lockscreen_wallpaper.png
[2026-03-09 18:43:09] 壁纸已更新：lockscreen_wallpaper.png
[2026-03-09 18:44:09] 壁纸已更新：lockscreen_wallpaper.png
[2026-03-09 18:45:09] 壁纸已更新：lockscreen_wallpaper.png
[2026-03-09 18:46:09] 壁纸已更新：lockscreen_wallpaper.png
[2026-03-09 18:47:10] 壁纸已更新：lockscreen_wallpaper.png
[2026-03-09 18:48:10] 壁纸已更新：lockscreen_wallpaper.png
[2026-03-09 18:49:10] 壁纸已更新：lockscreen_wallpaper.png
[2026-03-09 18:50:10] 壁纸已更新：lockscreen_wallpaper.png
[2026-03-09 18:51:10] 壁纸已更新：lockscreen_wallpaper.png
[2026-03-09 18:52:11] 壁纸已更新：lockscreen_wallpaper.png
[2026-03-09 18:53:11] 壁纸已更新：lockscreen_wallpaper.png
[2026-03-09 18:54:11] 壁纸已更新：lockscreen_wallpaper.png
[2026-03-09 18:55:11] 壁纸已更新：lockscreen_wallpaper.png
[2026-03-09 18:56:11] 壁纸已更新：lockscreen_wallpaper.png
[2026-03-09 18:57:12] 壁纸已更新：lockscreen_wallpaper.png
[2026-03-09 18:58:12] 壁纸已更新：lockscreen_wallpaper.png
[2026-03-09 18:59:12] 壁纸已更新：lockscreen_wallpaper.png
[2026-03-09 19:00:12] 壁纸已更新：lockscreen_wallpaper.png
[2026-03-09 19:01:13] 壁纸已更新：lockscreen_wallpaper.png
[2026-03-09 19:02:13] 壁纸已更新：lockscreen_wallpaper.png
[2026-03-09 19:03:13] 壁纸已更新：lockscreen_wallpaper.png
[2026-03-09 19:04:13] 壁纸已更新：lockscreen_wallpaper.png
[2026-03-09 19:05:13] 壁纸已更新：lockscreen_wallpaper.png
[2026-03-09 19:06:13] 壁纸已更新：lockscreen_wallpaper.png
[2026-03-09 19:07:14] 壁纸已更新：lockscreen_wallpaper.png
[2026-03-09 19:08:14] 壁纸已更新：lockscreen_wallpaper.png
[2026-03-09 19:09:14] 壁纸已更新：lockscreen_wallpaper.png
[2026-03-09 19:10:14] 壁纸已更新：lockscreen_wallpaper.png
[2026-03-09 19:11:15] 壁纸已更新：lockscreen_wallpaper.png
[2026-03-09 19:12:15] 壁纸已更新：lockscreen_wallpaper.png
[2026-03-09 19:13:15] 壁纸已更新：lockscreen_wallpaper.png
[2026-03-09 19:14:15] 壁纸已更新：lockscreen_wallpaper.png
[2026-03-09 19:15:15] 壁纸已更新：lockscreen_wallpaper.png
[2026-03-09 19:16:16] 壁纸已更新：lockscreen_wallpaper.png
[2026-03-09 19:17:16] 壁纸已更新：lockscreen_wallpaper.png
[2026-03-09 19:18:16] 壁纸已更新：lockscreen_wallpaper.png
[2026-03-09 19:19:16] 壁纸已更新：lockscreen_wallpaper.png
[2026-03-09 19:20:16] 壁纸已更新：lockscreen_wallpaper.png
[2026-03-09 19:21:16] 壁纸已更新：lockscreen_wallpaper.png
[2026-03-09 19:22:17] 壁纸已更新：lockscreen_wallpaper.png
[2026-03-09 19:23:17] 壁纸已更新：lockscreen_wallpaper.png
[2026-03-09 19:24:17] 壁纸已更新：lockscreen_wallpaper.png
[2026-03-09 19:25:17] 壁纸已更新：lockscreen_wallpaper.png
[2026-03-09 19:26:17] 壁纸已更新：lockscreen_wallpaper.png
[2026-03-09 19:27:17] 壁纸已更新：lockscreen_wallpaper.png
[2026-03-09 19:28:17] 壁纸已更新：lockscreen_wallpaper.png
[2026-03-09 19:29:18] 壁纸已更新：lockscreen_wallpaper.png
[2026-03-09 19:30:18] 壁纸已更新：lockscreen_wallpaper.png
[2026-03-09 19:31:18] 壁纸已更新：lockscreen_wallpaper.png
[2026-03-09 19:32:18] 壁纸已更新：lockscreen_wallpaper.png
[2026-03-09 19:33:18] 壁纸已更新：lockscreen_wallpaper.png
[2026-03-09 19:34:18] 壁纸已更新：lockscreen_wallpaper.png
[2026-03-09 19:35:19] 壁纸已更新：lockscreen_wallpaper.png
[2026-03-09 19:36:19] 壁纸已更新：lockscreen_wallpaper.png
[2026-03-09 19:37:19] 壁纸已更新：lockscreen_wallpaper.png
[2026-03-09 19:38:19] 壁纸已更新：lockscreen_wallpaper.png
[2026-03-09 19:39:19] 壁纸已更新：lockscreen_wallpaper.png
[2026-03-09 19:40:19] 壁纸已更新：lockscreen_wallpaper.png
[2026-03-09 19:41:20] 壁纸已更新：lockscreen_wallpaper.png
[2026-03-09 19:42:20] 壁纸已更新：lockscreen_wallpaper.png
[2026-03-09 19:43:20] 壁纸已更新：lockscreen_wallpaper.png
[2026-03-09 19:44:20] 壁纸已更新：lockscreen_wallpaper.png
[2026-03-09 19:45:21] 壁纸已更新：lockscreen_wallpaper.png
[2026-03-09 19:46:21] 壁纸已更新：lockscreen_wallpaper.png
[2026-03-09 19:47:21] 壁纸已更新：lockscreen_wallpaper.png
[2026-03-09 19:48:22] 壁纸已更新：lockscreen_wallpaper.png
[2026-03-09 19:49:22] 壁纸已更新：lockscreen_wallpaper.png
[2026-03-09 19:50:22] 壁纸已更新：lockscreen_wallpaper.png
[2026-03-09 19:51:22] 壁纸已更新：lockscreen_wallpaper.png
[2026-03-09 19:52:22] 壁纸已更新：lockscreen_wallpaper.png
[2026-03-09 19:53:23] 壁纸已更新：lockscreen_wallpaper.png
[2026-03-09 19:54:23] 壁纸已更新：lockscreen_wallpaper.png
